<?xml version="1.0" encoding="UTF-8"?>

<tienda xmlns:xsi="http://www.w3.org/2001/XMLSchema-instance"
        xsi:noNamespaceSchemaLocation="test.xsd">
  <producto>
      Producto 1
  </producto>
</tienda>
